<?xml version="1.0" encoding="UTF-8"?>
<!-- Generated by org.testng.reporters.JUnitReportReporter -->
<testsuite hostname="IB-Pune-LAP-358" failures="0" tests="2" name="sample.Title" time="0.087" errors="0" timestamp="2022-09-22T17:06:56 IST" skipped="0">
  <testcase classname="sample.Title" name="checkurl" time="0.040"/>
  <system-out/>
  <testcase classname="sample.Title" name="titlecheck" time="0.047"/>
  <system-out/>
</testsuite> <!-- sample.Title -->
