<?xml version="1.0" encoding="UTF-8"?>
<!-- Generated by org.testng.reporters.JUnitReportReporter -->
<testsuite hostname="IB-Pune-LAP-358" failures="0" tests="2" name="sample.Title" time="0.376" errors="0" timestamp="2022-09-26T11:44:36 IST" skipped="0">
  <testcase classname="sample.Title" name="checkurl" time="0.105"/>
  <system-out/>
  <testcase classname="sample.Title" name="titlecheck" time="0.271"/>
  <system-out/>
</testsuite> <!-- sample.Title -->
